<?xml version="1.0" encoding="UTF-8"?>
<testng-results ignored="0" total="1" passed="1" failed="0" skipped="0">
  <reporter-output>
  </reporter-output>
  <suite started-at="2022-05-10T12:39:49 IST" name="Default suite" finished-at="2022-05-10T12:40:10 IST" duration-ms="20519">
    <groups>
    </groups>
    <test started-at="2022-05-10T12:39:49 IST" name="Default test" finished-at="2022-05-10T12:40:10 IST" duration-ms="20519">
      <class name="MindtreeCompany.ExtentReports.ExtentReport_Demo">
        <test-method is-config="true" signature="config()[pri:0, instance:MindtreeCompany.ExtentReports.ExtentReport_Demo@e15b7e8]" started-at="2022-05-10T12:39:49 IST" name="config" finished-at="2022-05-10T12:39:50 IST" duration-ms="649" status="PASS">
          <reporter-output>
          </reporter-output>
        </test-method> <!-- config -->
        <test-method signature="initialdemo()[pri:0, instance:MindtreeCompany.ExtentReports.ExtentReport_Demo@e15b7e8]" started-at="2022-05-10T12:39:50 IST" name="initialdemo" finished-at="2022-05-10T12:40:10 IST" duration-ms="19786" status="PASS">
          <reporter-output>
          </reporter-output>
        </test-method> <!-- initialdemo -->
      </class> <!-- MindtreeCompany.ExtentReports.ExtentReport_Demo -->
    </test> <!-- Default test -->
  </suite> <!-- Default suite -->
</testng-results>
